<?xml version="1.0" encoding="UTF-8"?>
<!-- Generated by org.testng.reporters.JUnitReportReporter -->
<testsuite skipped="0" hostname="DESKTOP-D1233BU" name="textScript.TC_02_CreateContact_with_OrganisationScenario" tests="1" failures="0" timestamp="2021-09-30T12:14:32 IST" time="44.114" errors="0">
  <testcase name="fillingOrganisationInfo" time="44.114" classname="textScript.TC_02_CreateContact_with_OrganisationScenario"/>
  <system-out/>
</testsuite> <!-- textScript.TC_02_CreateContact_with_OrganisationScenario -->
