<?xml version="1.0" encoding="UTF-8"?>
<!-- Generated by org.testng.reporters.JUnitReportReporter -->
<testsuite skipped="0" hostname="DESKTOP-D1233BU" name="Practice.CreateCustomerTest" tests="1" failures="0" timestamp="2021-09-30T07:41:26 IST" time="0.009" errors="0">
  <testcase name="createCustomerTest" time="0.009" classname="Practice.CreateCustomerTest"/>
  <system-out/>
</testsuite> <!-- Practice.CreateCustomerTest -->
