<?xml version="1.0" encoding="UTF-8"?>
<!-- Generated by org.testng.reporters.JUnitReportReporter -->
<testsuite skipped="0" hostname="DESKTOP-D1233BU" name="Practice.ExecuteQuery" tests="1" failures="0" timestamp="2021-09-30T05:18:35 IST" time="0.259" errors="0">
  <testcase name="executeQuery" time="0.259" classname="Practice.ExecuteQuery"/>
  <system-out/>
</testsuite> <!-- Practice.ExecuteQuery -->
