<?xml version="1.0" encoding="UTF-8"?>
<!-- Generated by org.testng.reporters.JUnitReportReporter -->
<testsuite skipped="0" hostname="DESKTOP-D1233BU" name="textScript.TC_01CreateOrganisation_with_JSONData" tests="1" failures="0" timestamp="2021-10-01T00:33:23 IST" time="31.090" errors="0">
  <testcase name="createOrganisation_with_JSONData" time="31.090" classname="textScript.TC_01CreateOrganisation_with_JSONData"/>
  <system-out/>
</testsuite> <!-- textScript.TC_01CreateOrganisation_with_JSONData -->
