<?xml version="1.0" encoding="UTF-8"?>
<!-- Generated by org.testng.reporters.JUnitReportReporter -->
<testsuite skipped="0" hostname="DESKTOP-D1233BU" name="Practice.contact" tests="1" failures="0" timestamp="2021-09-30T07:40:28 IST" time="0.000" errors="0">
  <testcase name="org" time="0.000" classname="Practice.contact"/>
  <system-out/>
</testsuite> <!-- Practice.contact -->
