<?xml version="1.0" encoding="UTF-8"?>
<!-- Generated by org.testng.reporters.JUnitReportReporter -->
<testsuite skipped="0" hostname="DESKTOP-D1233BU" name="GenericUtils.ReadDataFromJsonFile" tests="1" failures="0" timestamp="2021-09-27T11:06:54 IST" time="0.016" errors="0">
  <testcase name="getDataFromJson" time="0.016" classname="GenericUtils.ReadDataFromJsonFile"/>
  <system-out/>
</testsuite> <!-- GenericUtils.ReadDataFromJsonFile -->
