<?xml version="1.0" encoding="UTF-8"?>
<!-- Generated by org.testng.reporters.JUnitReportReporter -->
<testsuite skipped="0" hostname="DESKTOP-D1233BU" name="textScript.TC_02_CreateContact_with_OrganisationScenario_using_JSON_data" tests="1" failures="0" timestamp="2021-09-30T15:32:41 IST" time="44.923" errors="0">
  <testcase name="createContact_with_OrganisationScenario_using_JSON_data" time="44.923" classname="textScript.TC_02_CreateContact_with_OrganisationScenario_using_JSON_data"/>
  <system-out/>
</testsuite> <!-- textScript.TC_02_CreateContact_with_OrganisationScenario_using_JSON_data -->
