<?xml version="1.0" encoding="UTF-8"?>
<!-- Generated by org.testng.reporters.JUnitReportReporter -->
<testsuite skipped="0" hostname="DESKTOP-D1233BU" name="GenericUtils.ReadDataFromPropertyFile" tests="1" failures="0" timestamp="2021-09-24T02:13:49 IST" time="0.000" errors="0">
  <testcase name="readDataFromPropertyFile" time="0.000" classname="GenericUtils.ReadDataFromPropertyFile"/>
  <system-out/>
</testsuite> <!-- GenericUtils.ReadDataFromPropertyFile -->
