<?xml version="1.0" encoding="UTF-8"?>
<!-- Generated by org.testng.reporters.JUnitReportReporter -->
<testsuite skipped="0" hostname="DESKTOP-D1233BU" name="Demo.ReadDataFromPropertyFile" tests="1" failures="0" timestamp="2021-09-30T06:45:18 IST" time="0.008" errors="0">
  <testcase name="readDataFromPropertyFile" time="0.008" classname="Demo.ReadDataFromPropertyFile"/>
  <system-out/>
</testsuite> <!-- Demo.ReadDataFromPropertyFile -->
