<?xml version="1.0" encoding="UTF-8"?>
<!-- Generated by org.testng.reporters.JUnitReportReporter -->
<testsuite skipped="0" hostname="DESKTOP-D1233BU" name="textScript.TC_01CreateOrganisation" tests="1" failures="0" timestamp="2021-09-30T11:12:22 IST" time="35.327" errors="0">
  <testcase name="fillingOrganisationInfo" time="35.327" classname="textScript.TC_01CreateOrganisation"/>
  <system-out/>
</testsuite> <!-- textScript.TC_01CreateOrganisation -->
